<?xml version="1.0" encoding="utf-8"?><testsuites name="pytest tests"><testsuite name="pytest" errors="0" failures="1" skipped="0" tests="15" time="20.510" timestamp="2026-05-16T21:30:03.424917+00:00" hostname="agent-env-b19c7ce0-dcde-4c47-a508-ea5f709929ce"><testcase classname="backend.tests.test_eon_app" name="test_agents_list_returns_four" time="0.205" /><testcase classname="backend.tests.test_eon_app" name="test_signup_and_login" time="0.058"><failure message="assert 401 == 200&#10; +  where 401 = &lt;Response [401]&gt;.status_code">backend/tests/test_eon_app.py:64: in test_signup_and_login
    assert r.status_code == 200
E   assert 401 == 200
E    +  where 401 = &lt;Response [401]&gt;.status_code</failure></testcase><testcase classname="backend.tests.test_eon_app" name="test_endpoints_require_auth[/me-get]" time="0.047" /><testcase classname="backend.tests.test_eon_app" name="test_endpoints_require_auth[/chat-post]" time="0.045" /><testcase classname="backend.tests.test_eon_app" name="test_endpoints_require_auth[/tasks-get]" time="0.044" /><testcase classname="backend.tests.test_eon_app" name="test_endpoints_require_auth[/dashboard-get]" time="0.046" /><testcase classname="backend.tests.test_eon_app" name="test_endpoints_require_auth[/activity-get]" time="0.045" /><testcase classname="backend.tests.test_eon_app" name="test_dashboard_returns_stats_and_agents" time="0.388" /><testcase classname="backend.tests.test_eon_app" name="test_task_list_contains_created" time="0.102" /><testcase classname="backend.tests.test_eon_app" name="test_task_run_executes_via_llm" time="6.639" /><testcase classname="backend.tests.test_eon_app" name="test_task_patch_updates_fields" time="0.050" /><testcase classname="backend.tests.test_eon_app" name="test_task_delete_removes" time="0.093" /><testcase classname="backend.tests.test_eon_app" name="test_activity_contains_task_events" time="0.051" /><testcase classname="backend.tests.test_eon_app" name="test_chat_replies_and_increments_count" time="8.897" /><testcase classname="backend.tests.test_eon_app" name="test_chat_activity_logged" time="3.707" /></testsuite></testsuites>